[INFO] Scanning for projects...
[WARNING] 
[WARNING] Some problems were encountered while building the effective model for com.taskmanager:task-manager:jar:1.0.0
[WARNING] 'dependencies.dependency.(groupId:artifactId:type:classifier)' must be unique: com.h2database:h2:jar -> duplicate declaration of version (?) @ line 73, column 17
[WARNING] 
[WARNING] It is highly recommended to fix these problems because they threaten the stability of your build.
[WARNING] 
[WARNING] For this reason, future Maven versions might no longer support building such malformed projects.
[WARNING] 
[INFO] 
[INFO] --------------------< com.taskmanager:task-manager >--------------------
[INFO] Building task-manager 1.0.0
[INFO]   from pom.xml
[INFO] --------------------------------[ jar ]---------------------------------
[INFO] 
[INFO] --- maven-clean-plugin:3.2.0:clean (default-clean) @ task-manager ---
[INFO] Deleting /Users/ashar176/task-manager-app/backend/target
[INFO] 
[INFO] --- maven-resources-plugin:3.3.1:resources (default-resources) @ task-manager ---
[INFO] skip non existing resourceDirectory /Users/ashar176/task-manager-app/backend/src/main/resources
[INFO] skip non existing resourceDirectory /Users/ashar176/task-manager-app/backend/src/main/resources
[INFO] 
[INFO] --- maven-compiler-plugin:3.11.0:compile (default-compile) @ task-manager ---
[INFO] Changes detected - recompiling the module! :source
[INFO] Compiling 7 source files with javac [debug release 17] to target/classes
[INFO] 
[INFO] --- maven-resources-plugin:3.3.1:testResources (default-testResources) @ task-manager ---
[INFO] skip non existing resourceDirectory /Users/ashar176/task-manager-app/backend/src/test/resources
[INFO] 
[INFO] --- maven-compiler-plugin:3.11.0:testCompile (default-testCompile) @ task-manager ---
[INFO] Changes detected - recompiling the module! :dependency
[INFO] Compiling 6 source files with javac [debug release 17] to target/test-classes
[INFO] 
[INFO] --- maven-surefire-plugin:3.0.0:test (default-test) @ task-manager ---
[INFO] Using auto detected provider org.apache.maven.surefire.junitplatform.JUnitPlatformProvider
[INFO] 
[INFO] -------------------------------------------------------
[INFO]  T E S T S
[INFO] -------------------------------------------------------
[INFO] Running com.taskmanager.repository.TaskRepositoryTest
16:38:17.042 [main] INFO org.springframework.test.context.support.AnnotationConfigContextLoaderUtils -- Could not detect default configuration classes for test class [com.taskmanager.repository.TaskRepositoryTest]: TaskRepositoryTest does not declare any static, non-private, non-final, nested classes annotated with @Configuration.
16:38:17.085 [main] INFO org.springframework.boot.test.context.SpringBootTestContextBootstrapper -- Found @SpringBootConfiguration com.taskmanager.TaskManagerApplication for test class com.taskmanager.repository.TaskRepositoryTest

  .   ____          _            __ _ _
 /\\ / ___'_ __ _ _(_)_ __  __ _ \ \ \ \
( ( )\___ | '_ | '_| | '_ \/ _` | \ \ \ \
 \\/  ___)| |_)| | | | | || (_| |  ) ) ) )
  '  |____| .__|_| |_|_| |_\__, | / / / /
 =========|_|==============|___/=/_/_/_/
 :: Spring Boot ::                (v3.1.4)

2025-09-01T16:38:17.200+01:00  INFO 32804 --- [           main] c.t.repository.TaskRepositoryTest        : Starting TaskRepositoryTest using Java 17.0.11 with PID 32804 (started by ashar176 in /Users/ashar176/task-manager-app/backend)
2025-09-01T16:38:17.201+01:00  INFO 32804 --- [           main] c.t.repository.TaskRepositoryTest        : No active profile set, falling back to 1 default profile: "default"
2025-09-01T16:38:17.326+01:00  INFO 32804 --- [           main] .s.d.r.c.RepositoryConfigurationDelegate : Bootstrapping Spring Data JPA repositories in DEFAULT mode.
2025-09-01T16:38:17.347+01:00  INFO 32804 --- [           main] .s.d.r.c.RepositoryConfigurationDelegate : Finished Spring Data repository scanning in 18 ms. Found 1 JPA repository interfaces.
2025-09-01T16:38:17.364+01:00  INFO 32804 --- [           main] beddedDataSourceBeanFactoryPostProcessor : Replacing 'dataSource' DataSource bean with embedded version
2025-09-01T16:38:17.423+01:00  INFO 32804 --- [           main] o.s.j.d.e.EmbeddedDatabaseFactory        : Starting embedded database: url='jdbc:h2:mem:26d8358e-13aa-45e5-a60e-cd29acf7695c;DB_CLOSE_DELAY=-1;DB_CLOSE_ON_EXIT=false', username='sa'
2025-09-01T16:38:17.532+01:00  INFO 32804 --- [           main] o.hibernate.jpa.internal.util.LogHelper  : HHH000204: Processing PersistenceUnitInfo [name: default]
2025-09-01T16:38:17.548+01:00  INFO 32804 --- [           main] org.hibernate.Version                    : HHH000412: Hibernate ORM core version 6.2.9.Final
2025-09-01T16:38:17.549+01:00  INFO 32804 --- [           main] org.hibernate.cfg.Environment            : HHH000406: Using bytecode reflection optimizer
2025-09-01T16:38:17.588+01:00  INFO 32804 --- [           main] o.h.b.i.BytecodeProviderInitiator        : HHH000021: Bytecode provider name : bytebuddy
2025-09-01T16:38:17.637+01:00  INFO 32804 --- [           main] o.s.o.j.p.SpringPersistenceUnitInfo      : No LoadTimeWeaver setup: ignoring JPA class transformer
2025-09-01T16:38:17.723+01:00  INFO 32804 --- [           main] o.h.b.i.BytecodeProviderInitiator        : HHH000021: Bytecode provider name : bytebuddy
2025-09-01T16:38:17.915+01:00  INFO 32804 --- [           main] o.h.e.t.j.p.i.JtaPlatformInitiator       : HHH000490: Using JtaPlatform implementation: [org.hibernate.engine.transaction.jta.platform.internal.NoJtaPlatform]
Hibernate: drop table if exists tasks cascade 
Hibernate: create table tasks (created_at timestamp(6), due_date timestamp(6) not null, updated_at timestamp(6), id uuid not null, status varchar(20) not null, title varchar(100) not null, description varchar(1000), primary key (id))
2025-09-01T16:38:17.924+01:00  INFO 32804 --- [           main] j.LocalContainerEntityManagerFactoryBean : Initialized JPA EntityManagerFactory for persistence unit 'default'
2025-09-01T16:38:18.033+01:00  INFO 32804 --- [           main] c.t.repository.TaskRepositoryTest        : Started TaskRepositoryTest in 0.929 seconds (process running for 1.296)
Hibernate: insert into tasks (created_at,description,due_date,status,title,updated_at,id) values (?,?,?,?,?,?,?)
Hibernate: insert into tasks (created_at,description,due_date,status,title,updated_at,id) values (?,?,?,?,?,?,?)
Hibernate: select t1_0.id,t1_0.created_at,t1_0.description,t1_0.due_date,t1_0.status,t1_0.title,t1_0.updated_at from tasks t1_0
Hibernate: insert into tasks (created_at,description,due_date,status,title,updated_at,id) values (?,?,?,?,?,?,?)
Hibernate: select t1_0.id,t1_0.created_at,t1_0.description,t1_0.due_date,t1_0.status,t1_0.title,t1_0.updated_at from tasks t1_0 where t1_0.id=?
Hibernate: insert into tasks (created_at,description,due_date,status,title,updated_at,id) values (?,?,?,?,?,?,?)
Hibernate: delete from tasks where id=?
Hibernate: select t1_0.id,t1_0.created_at,t1_0.description,t1_0.due_date,t1_0.status,t1_0.title,t1_0.updated_at from tasks t1_0 where t1_0.id=?
[INFO] Tests run: 5, Failures: 0, Errors: 0, Skipped: 0, Time elapsed: 1.459 s - in com.taskmanager.repository.TaskRepositoryTest
[INFO] Running com.taskmanager.controller.TaskControllerTest
[INFO] Tests run: 7, Failures: 0, Errors: 0, Skipped: 0, Time elapsed: 0.13 s - in com.taskmanager.controller.TaskControllerTest
[INFO] Running com.taskmanager.model.TaskTest
[INFO] Tests run: 8, Failures: 0, Errors: 0, Skipped: 0, Time elapsed: 0.042 s - in com.taskmanager.model.TaskTest
[INFO] Running com.taskmanager.exception.ErrorResponseTest
[INFO] Tests run: 4, Failures: 0, Errors: 0, Skipped: 0, Time elapsed: 0.004 s - in com.taskmanager.exception.ErrorResponseTest
[INFO] Running com.taskmanager.exception.ResourceNotFoundExceptionTest
[INFO] Tests run: 3, Failures: 0, Errors: 0, Skipped: 0, Time elapsed: 0.001 s - in com.taskmanager.exception.ResourceNotFoundExceptionTest
[INFO] Running com.taskmanager.exception.GlobalExceptionHandlerTest
[INFO] Tests run: 6, Failures: 0, Errors: 0, Skipped: 0, Time elapsed: 0.128 s - in com.taskmanager.exception.GlobalExceptionHandlerTest
[INFO] 
[INFO] Results:
[INFO] 
[INFO] Tests run: 33, Failures: 0, Errors: 0, Skipped: 0
[INFO] 
[INFO] 
[INFO] --- maven-jar-plugin:3.3.0:jar (default-jar) @ task-manager ---
[INFO] Building jar: /Users/ashar176/task-manager-app/backend/target/task-manager-1.0.0.jar
[INFO] 
[INFO] --- spring-boot-maven-plugin:3.1.4:repackage (repackage) @ task-manager ---
Downloading from central: https://repo.maven.apache.org/maven2/org/springframework/boot/spring-boot-buildpack-platform/3.1.4/spring-boot-buildpack-platform-3.1.4.pom
Progress (1): 2.8/3.2 kBProgress (1): 3.2 kB                        Downloaded from central: https://repo.maven.apache.org/maven2/org/springframework/boot/spring-boot-buildpack-platform/3.1.4/spring-boot-buildpack-platform-3.1.4.pom (3.2 kB at 9.9 kB/s)
Downloading from central: https://repo.maven.apache.org/maven2/com/fasterxml/jackson/core/jackson-databind/2.14.2/jackson-databind-2.14.2.pom
Progress (1): 2.8/19 kBProgress (1): 5.5/19 kBProgress (1): 8.3/19 kBProgress (1): 11/19 kB Progress (1): 14/19 kBProgress (1): 17/19 kBProgress (1): 19/19 kBProgress (1): 19 kB                      Downloaded from central: https://repo.maven.apache.org/maven2/com/fasterxml/jackson/core/jackson-databind/2.14.2/jackson-databind-2.14.2.pom (19 kB at 173 kB/s)
Downloading from central: https://repo.maven.apache.org/maven2/com/fasterxml/jackson/jackson-base/2.14.2/jackson-base-2.14.2.pom
Progress (1): 2.8/10 kBProgress (1): 5.5/10 kBProgress (1): 8.3/10 kBProgress (1): 10 kB                       Downloaded from central: https://repo.maven.apache.org/maven2/com/fasterxml/jackson/jackson-base/2.14.2/jackson-base-2.14.2.pom (10 kB at 98 kB/s)
Downloading from central: https://repo.maven.apache.org/maven2/com/fasterxml/jackson/jackson-bom/2.14.2/jackson-bom-2.14.2.pom
Progress (1): 2.8/17 kBProgress (1): 5.5/17 kBProgress (1): 8.3/17 kBProgress (1): 11/17 kB Progress (1): 14/17 kBProgress (1): 17/17 kBProgress (1): 17 kB                      Downloaded from central: https://repo.maven.apache.org/maven2/com/fasterxml/jackson/jackson-bom/2.14.2/jackson-bom-2.14.2.pom (17 kB at 156 kB/s)
Downloading from central: https://repo.maven.apache.org/maven2/com/fasterxml/jackson/core/jackson-core/2.14.2/jackson-core-2.14.2.pom
Progress (1): 2.8/7.0 kBProgress (1): 5.5/7.0 kBProgress (1): 7.0 kB                        Downloaded from central: https://repo.maven.apache.org/maven2/com/fasterxml/jackson/core/jackson-core/2.14.2/jackson-core-2.14.2.pom (7.0 kB at 97 kB/s)
Downloading from central: https://repo.maven.apache.org/maven2/com/fasterxml/jackson/module/jackson-module-parameter-names/2.14.2/jackson-module-parameter-names-2.14.2.pom
Progress (1): 4.1/4.4 kBProgress (1): 4.4 kB                        Downloaded from central: https://repo.maven.apache.org/maven2/com/fasterxml/jackson/module/jackson-module-parameter-names/2.14.2/jackson-module-parameter-names-2.14.2.pom (4.4 kB at 55 kB/s)
Downloading from central: https://repo.maven.apache.org/maven2/com/fasterxml/jackson/module/jackson-modules-java8/2.14.2/jackson-modules-java8-2.14.2.pom
Progress (1): 3.1 kB                    Downloaded from central: https://repo.maven.apache.org/maven2/com/fasterxml/jackson/module/jackson-modules-java8/2.14.2/jackson-modules-java8-2.14.2.pom (3.1 kB at 41 kB/s)
Downloading from central: https://repo.maven.apache.org/maven2/org/springframework/boot/spring-boot-loader-tools/3.1.4/spring-boot-loader-tools-3.1.4.pom
Progress (1): 2.2 kB                    Downloaded from central: https://repo.maven.apache.org/maven2/org/springframework/boot/spring-boot-loader-tools/3.1.4/spring-boot-loader-tools-3.1.4.pom (2.2 kB at 31 kB/s)
Downloading from central: https://repo.maven.apache.org/maven2/org/springframework/boot/spring-boot-buildpack-platform/3.1.4/spring-boot-buildpack-platform-3.1.4.jar
Downloading from central: https://repo.maven.apache.org/maven2/com/fasterxml/jackson/core/jackson-databind/2.14.2/jackson-databind-2.14.2.jar
Downloading from central: https://repo.maven.apache.org/maven2/com/fasterxml/jackson/core/jackson-core/2.14.2/jackson-core-2.14.2.jar
Downloading from central: https://repo.maven.apache.org/maven2/com/fasterxml/jackson/module/jackson-module-parameter-names/2.14.2/jackson-module-parameter-names-2.14.2.jar
Downloading from central: https://repo.maven.apache.org/maven2/org/springframework/boot/spring-boot-loader-tools/3.1.4/spring-boot-loader-tools-3.1.4.jar
Progress (1): 0/1.6 MBProgress (1): 0/1.6 MBProgress (1): 0/1.6 MBProgress (1): 0/1.6 MBProgress (2): 0/1.6 MB | 2.8/261 kBProgress (3): 0/1.6 MB | 2.8/261 kB | 2.8/251 kBProgress (3): 0/1.6 MB | 5.5/261 kB | 2.8/251 kBProgress (3): 0/1.6 MB | 5.5/261 kB | 5.5/251 kBProgress (3): 0/1.6 MB | 8.3/261 kB | 5.5/251 kBProgress (3): 0/1.6 MB | 11/261 kB | 5.5/251 kB Progress (3): 0/1.6 MB | 11/261 kB | 8.3/251 kBProgress (3): 0/1.6 MB | 11/261 kB | 11/251 kB Progress (4): 0/1.6 MB | 11/261 kB | 11/251 kB | 2.8/459 kBProgress (4): 0/1.6 MB | 11/261 kB | 11/251 kB | 5.5/459 kBProgress (4): 0/1.6 MB | 11/261 kB | 11/251 kB | 8.3/459 kBProgress (4): 0/1.6 MB | 11/261 kB | 11/251 kB | 11/459 kB Progress (5): 0/1.6 MB | 11/261 kB | 11/251 kB | 11/459 kB | 2.8/9.5 kBProgress (5): 0/1.6 MB | 11/261 kB | 11/251 kB | 11/459 kB | 2.8/9.5 kBProgress (5): 0/1.6 MB | 11/261 kB | 11/251 kB | 11/459 kB | 5.5/9.5 kBProgress (5): 0/1.6 MB | 11/261 kB | 11/251 kB | 11/459 kB | 5.5/9.5 kBProgress (5): 0/1.6 MB | 11/261 kB | 11/251 kB | 11/459 kB | 8.3/9.5 kBProgress (5): 0/1.6 MB | 11/261 kB | 11/251 kB | 11/459 kB | 9.5 kB    Progress (5): 0/1.6 MB | 14/261 kB | 11/251 kB | 11/459 kB | 9.5 kBProgress (5): 0/1.6 MB | 14/261 kB | 14/251 kB | 11/459 kB | 9.5 kBProgress (5): 0/1.6 MB | 14/261 kB | 16/251 kB | 11/459 kB | 9.5 kBProgress (5): 0/1.6 MB | 16/261 kB | 16/251 kB | 11/459 kB | 9.5 kBProgress (5): 0/1.6 MB | 16/261 kB | 19/251 kB | 11/459 kB | 9.5 kBProgress (5): 0/1.6 MB | 19/261 kB | 19/251 kB | 11/459 kB | 9.5 kBProgress (5): 0/1.6 MB | 19/261 kB | 22/251 kB | 11/459 kB | 9.5 kBProgress (5): 0/1.6 MB | 22/261 kB | 22/251 kB | 11/459 kB | 9.5 kBProgress (5): 0/1.6 MB | 25/261 kB | 22/251 kB | 11/459 kB | 9.5 kBProgress (5): 0/1.6 MB | 25/261 kB | 22/251 kB | 14/459 kB | 9.5 kBProgress (5): 0/1.6 MB | 25/261 kB | 25/251 kB | 14/459 kB | 9.5 kBProgress (5): 0.1/1.6 MB | 25/261 kB | 25/251 kB | 14/459 kB | 9.5 kBProgress (5): 0.1/1.6 MB | 25/261 kB | 25/251 kB | 14/459 kB | 9.5 kBProgress (5): 0.1/1.6 MB | 27/261 kB | 25/251 kB | 14/459 kB | 9.5 kB                                                                     Downloaded from central: https://repo.maven.apache.org/maven2/com/fasterxml/jackson/module/jackson-module-parameter-names/2.14.2/jackson-module-parameter-names-2.14.2.jar (9.5 kB at 53 kB/s)
Progress (4): 0.1/1.6 MB | 30/261 kB | 25/251 kB | 14/459 kBProgress (4): 0.1/1.6 MB | 33/261 kB | 25/251 kB | 14/459 kBProgress (4): 0.1/1.6 MB | 33/261 kB | 27/251 kB | 14/459 kBProgress (4): 0.1/1.6 MB | 36/261 kB | 27/251 kB | 14/459 kBProgress (4): 0.1/1.6 MB | 36/261 kB | 30/251 kB | 14/459 kBProgress (4): 0.1/1.6 MB | 38/261 kB | 30/251 kB | 14/459 kBProgress (4): 0.1/1.6 MB | 38/261 kB | 33/251 kB | 14/459 kBProgress (4): 0.1/1.6 MB | 38/261 kB | 36/251 kB | 14/459 kBProgress (4): 0.1/1.6 MB | 38/261 kB | 38/251 kB | 14/459 kBProgress (4): 0.1/1.6 MB | 38/261 kB | 38/251 kB | 18/459 kBProgress (4): 0.1/1.6 MB | 38/261 kB | 38/251 kB | 22/459 kBProgress (4): 0.1/1.6 MB | 38/261 kB | 38/251 kB | 26/459 kBProgress (4): 0.1/1.6 MB | 38/261 kB | 38/251 kB | 30/459 kBProgress (4): 0.1/1.6 MB | 38/261 kB | 38/251 kB | 30/459 kBProgress (4): 0.1/1.6 MB | 38/261 kB | 38/251 kB | 30/459 kBProgress (4): 0.1/1.6 MB | 41/261 kB | 38/251 kB | 30/459 kBProgress (4): 0.1/1.6 MB | 44/261 kB | 38/251 kB | 30/459 kBProgress (4): 0.1/1.6 MB | 47/261 kB | 38/251 kB | 30/459 kBProgress (4): 0.1/1.6 MB | 47/261 kB | 41/251 kB | 30/459 kBProgress (4): 0.1/1.6 MB | 49/261 kB | 41/251 kB | 30/459 kBProgress (4): 0.1/1.6 MB | 49/261 kB | 44/251 kB | 30/459 kBProgress (4): 0.1/1.6 MB | 52/261 kB | 44/251 kB | 30/459 kBProgress (4): 0.1/1.6 MB | 52/261 kB | 44/251 kB | 34/459 kBProgress (4): 0.1/1.6 MB | 52/261 kB | 47/251 kB | 34/459 kBProgress (4): 0.1/1.6 MB | 52/261 kB | 47/251 kB | 38/459 kBProgress (4): 0.1/1.6 MB | 52/261 kB | 49/251 kB | 38/459 kBProgress (4): 0.1/1.6 MB | 52/261 kB | 49/251 kB | 42/459 kBProgress (4): 0.1/1.6 MB | 52/261 kB | 52/251 kB | 42/459 kBProgress (4): 0.1/1.6 MB | 52/261 kB | 52/251 kB | 47/459 kBProgress (4): 0.1/1.6 MB | 52/261 kB | 52/251 kB | 47/459 kBProgress (4): 0.1/1.6 MB | 55/261 kB | 52/251 kB | 47/459 kBProgress (4): 0.1/1.6 MB | 55/261 kB | 52/251 kB | 47/459 kBProgress (4): 0.1/1.6 MB | 58/261 kB | 52/251 kB | 47/459 kBProgress (4): 0.1/1.6 MB | 58/261 kB | 55/251 kB | 47/459 kBProgress (4): 0.1/1.6 MB | 61/261 kB | 55/251 kB | 47/459 kBProgress (4): 0.1/1.6 MB | 61/261 kB | 58/251 kB | 47/459 kBProgress (4): 0.1/1.6 MB | 63/261 kB | 58/251 kB | 47/459 kBProgress (4): 0.1/1.6 MB | 63/261 kB | 61/251 kB | 47/459 kBProgress (4): 0.1/1.6 MB | 63/261 kB | 63/251 kB | 47/459 kBProgress (4): 0.1/1.6 MB | 63/261 kB | 63/251 kB | 47/459 kBProgress (4): 0.1/1.6 MB | 63/261 kB | 63/251 kB | 47/459 kBProgress (4): 0.1/1.6 MB | 63/261 kB | 63/251 kB | 51/459 kBProgress (4): 0.1/1.6 MB | 63/261 kB | 63/251 kB | 55/459 kBProgress (4): 0.1/1.6 MB | 63/261 kB | 63/251 kB | 59/459 kBProgress (4): 0.1/1.6 MB | 63/261 kB | 63/251 kB | 63/459 kBProgress (4): 0.1/1.6 MB | 63/261 kB | 63/251 kB | 63/459 kBProgress (4): 0.1/1.6 MB | 67/261 kB | 63/251 kB | 63/459 kBProgress (4): 0.1/1.6 MB | 67/261 kB | 63/251 kB | 63/459 kBProgress (4): 0.1/1.6 MB | 71/261 kB | 63/251 kB | 63/459 kBProgress (4): 0.1/1.6 MB | 75/261 kB | 63/251 kB | 63/459 kBProgress (4): 0.1/1.6 MB | 75/261 kB | 67/251 kB | 63/459 kBProgress (4): 0.1/1.6 MB | 79/261 kB | 67/251 kB | 63/459 kBProgress (4): 0.1/1.6 MB | 79/261 kB | 71/251 kB | 63/459 kBProgress (4): 0.1/1.6 MB | 79/261 kB | 76/251 kB | 63/459 kBProgress (4): 0.1/1.6 MB | 79/261 kB | 80/251 kB | 63/459 kBProgress (4): 0.1/1.6 MB | 79/261 kB | 80/251 kB | 63/459 kBProgress (4): 0.1/1.6 MB | 79/261 kB | 80/251 kB | 63/459 kBProgress (4): 0.1/1.6 MB | 79/261 kB | 80/251 kB | 67/459 kBProgress (4): 0.1/1.6 MB | 79/261 kB | 80/251 kB | 71/459 kBProgress (4): 0.1/1.6 MB | 79/261 kB | 80/251 kB | 75/459 kBProgress (4): 0.1/1.6 MB | 79/261 kB | 80/251 kB | 79/459 kBProgress (4): 0.1/1.6 MB | 83/261 kB | 80/251 kB | 79/459 kBProgress (4): 0.1/1.6 MB | 87/261 kB | 80/251 kB | 79/459 kBProgress (4): 0.1/1.6 MB | 91/261 kB | 80/251 kB | 79/459 kBProgress (4): 0.1/1.6 MB | 95/261 kB | 80/251 kB | 79/459 kBProgress (4): 0.1/1.6 MB | 95/261 kB | 84/251 kB | 79/459 kBProgress (4): 0.1/1.6 MB | 95/261 kB | 88/251 kB | 79/459 kBProgress (4): 0.1/1.6 MB | 95/261 kB | 92/251 kB | 79/459 kBProgress (4): 0.1/1.6 MB | 95/261 kB | 96/251 kB | 79/459 kBProgress (4): 0.2/1.6 MB | 95/261 kB | 96/251 kB | 79/459 kBProgress (4): 0.2/1.6 MB | 95/261 kB | 96/251 kB | 79/459 kBProgress (4): 0.2/1.6 MB | 95/261 kB | 96/251 kB | 83/459 kBProgress (4): 0.2/1.6 MB | 95/261 kB | 96/251 kB | 88/459 kBProgress (4): 0.2/1.6 MB | 95/261 kB | 96/251 kB | 92/459 kBProgress (4): 0.2/1.6 MB | 95/261 kB | 96/251 kB | 96/459 kBProgress (4): 0.2/1.6 MB | 100/261 kB | 96/251 kB | 96/459 kBProgress (4): 0.2/1.6 MB | 104/261 kB | 96/251 kB | 96/459 kBProgress (4): 0.2/1.6 MB | 108/261 kB | 96/251 kB | 96/459 kBProgress (4): 0.2/1.6 MB | 112/261 kB | 96/251 kB | 96/459 kBProgress (4): 0.2/1.6 MB | 112/261 kB | 100/251 kB | 96/459 kBProgress (4): 0.2/1.6 MB | 112/261 kB | 100/251 kB | 96/459 kBProgress (4): 0.2/1.6 MB | 112/261 kB | 104/251 kB | 96/459 kBProgress (4): 0.2/1.6 MB | 112/261 kB | 104/251 kB | 96/459 kBProgress (4): 0.2/1.6 MB | 112/261 kB | 108/251 kB | 96/459 kBProgress (4): 0.2/1.6 MB | 112/261 kB | 112/251 kB | 96/459 kBProgress (4): 0.2/1.6 MB | 112/261 kB | 112/251 kB | 100/459 kBProgress (4): 0.2/1.6 MB | 112/261 kB | 112/251 kB | 104/459 kBProgress (4): 0.2/1.6 MB | 112/261 kB | 112/251 kB | 108/459 kBProgress (4): 0.2/1.6 MB | 112/261 kB | 112/251 kB | 112/459 kBProgress (4): 0.2/1.6 MB | 116/261 kB | 112/251 kB | 112/459 kBProgress (4): 0.2/1.6 MB | 120/261 kB | 112/251 kB | 112/459 kBProgress (4): 0.2/1.6 MB | 124/261 kB | 112/251 kB | 112/459 kBProgress (4): 0.2/1.6 MB | 128/261 kB | 112/251 kB | 112/459 kBProgress (4): 0.2/1.6 MB | 128/261 kB | 117/251 kB | 112/459 kBProgress (4): 0.2/1.6 MB | 128/261 kB | 117/251 kB | 112/459 kBProgress (4): 0.2/1.6 MB | 128/261 kB | 121/251 kB | 112/459 kBProgress (4): 0.2/1.6 MB | 128/261 kB | 121/251 kB | 112/459 kBProgress (4): 0.2/1.6 MB | 128/261 kB | 125/251 kB | 112/459 kBProgress (4): 0.2/1.6 MB | 128/261 kB | 129/251 kB | 112/459 kBProgress (4): 0.2/1.6 MB | 128/261 kB | 129/251 kB | 116/459 kBProgress (4): 0.2/1.6 MB | 128/261 kB | 129/251 kB | 120/459 kBProgress (4): 0.2/1.6 MB | 128/261 kB | 129/251 kB | 124/459 kBProgress (4): 0.2/1.6 MB | 128/261 kB | 129/251 kB | 128/459 kBProgress (4): 0.2/1.6 MB | 132/261 kB | 129/251 kB | 128/459 kBProgress (4): 0.2/1.6 MB | 132/261 kB | 129/251 kB | 128/459 kBProgress (4): 0.2/1.6 MB | 136/261 kB | 129/251 kB | 128/459 kBProgress (4): 0.2/1.6 MB | 136/261 kB | 129/251 kB | 128/459 kBProgress (4): 0.2/1.6 MB | 140/261 kB | 129/251 kB | 128/459 kBProgress (4): 0.2/1.6 MB | 145/261 kB | 129/251 kB | 128/459 kBProgress (4): 0.2/1.6 MB | 149/261 kB | 129/251 kB | 128/459 kBProgress (4): 0.2/1.6 MB | 149/261 kB | 133/251 kB | 128/459 kBProgress (4): 0.2/1.6 MB | 153/261 kB | 133/251 kB | 128/459 kBProgress (4): 0.2/1.6 MB | 153/261 kB | 137/251 kB | 128/459 kBProgress (4): 0.2/1.6 MB | 157/261 kB | 137/251 kB | 128/459 kBProgress (4): 0.2/1.6 MB | 157/261 kB | 141/251 kB | 128/459 kBProgress (4): 0.2/1.6 MB | 161/261 kB | 141/251 kB | 128/459 kBProgress (4): 0.2/1.6 MB | 161/261 kB | 145/251 kB | 128/459 kBProgress (4): 0.2/1.6 MB | 161/261 kB | 145/251 kB | 133/459 kBProgress (4): 0.2/1.6 MB | 161/261 kB | 145/251 kB | 137/459 kBProgress (4): 0.2/1.6 MB | 161/261 kB | 145/251 kB | 141/459 kBProgress (4): 0.2/1.6 MB | 161/261 kB | 145/251 kB | 145/459 kBProgress (4): 0.2/1.6 MB | 161/261 kB | 145/251 kB | 145/459 kBProgress (4): 0.2/1.6 MB | 161/261 kB | 145/251 kB | 145/459 kBProgress (4): 0.2/1.6 MB | 165/261 kB | 145/251 kB | 145/459 kBProgress (4): 0.2/1.6 MB | 165/261 kB | 145/251 kB | 149/459 kBProgress (4): 0.2/1.6 MB | 169/261 kB | 145/251 kB | 149/459 kBProgress (4): 0.2/1.6 MB | 169/261 kB | 145/251 kB | 153/459 kBProgress (4): 0.2/1.6 MB | 173/261 kB | 145/251 kB | 153/459 kBProgress (4): 0.2/1.6 MB | 173/261 kB | 145/251 kB | 157/459 kBProgress (4): 0.2/1.6 MB | 177/261 kB | 145/251 kB | 157/459 kBProgress (4): 0.2/1.6 MB | 177/261 kB | 145/251 kB | 161/459 kBProgress (4): 0.2/1.6 MB | 177/261 kB | 149/251 kB | 161/459 kBProgress (4): 0.2/1.6 MB | 177/261 kB | 153/251 kB | 161/459 kBProgress (4): 0.2/1.6 MB | 177/261 kB | 157/251 kB | 161/459 kBProgress (4): 0.2/1.6 MB | 177/261 kB | 162/251 kB | 161/459 kBProgress (4): 0.2/1.6 MB | 177/261 kB | 162/251 kB | 161/459 kBProgress (4): 0.2/1.6 MB | 177/261 kB | 162/251 kB | 161/459 kBProgress (4): 0.3/1.6 MB | 177/261 kB | 162/251 kB | 161/459 kBProgress (4): 0.3/1.6 MB | 177/261 kB | 162/251 kB | 161/459 kBProgress (4): 0.3/1.6 MB | 181/261 kB | 162/251 kB | 161/459 kBProgress (4): 0.3/1.6 MB | 186/261 kB | 162/251 kB | 161/459 kBProgress (4): 0.3/1.6 MB | 190/261 kB | 162/251 kB | 161/459 kBProgress (4): 0.3/1.6 MB | 194/261 kB | 162/251 kB | 161/459 kBProgress (4): 0.3/1.6 MB | 194/261 kB | 162/251 kB | 165/459 kBProgress (4): 0.3/1.6 MB | 194/261 kB | 162/251 kB | 169/459 kBProgress (4): 0.3/1.6 MB | 194/261 kB | 162/251 kB | 174/459 kBProgress (4): 0.3/1.6 MB | 194/261 kB | 162/251 kB | 178/459 kBProgress (4): 0.3/1.6 MB | 194/261 kB | 166/251 kB | 178/459 kBProgress (4): 0.3/1.6 MB | 194/261 kB | 170/251 kB | 178/459 kBProgress (4): 0.3/1.6 MB | 194/261 kB | 174/251 kB | 178/459 kBProgress (4): 0.3/1.6 MB | 194/261 kB | 178/251 kB | 178/459 kBProgress (4): 0.3/1.6 MB | 198/261 kB | 178/251 kB | 178/459 kBProgress (4): 0.3/1.6 MB | 202/261 kB | 178/251 kB | 178/459 kBProgress (4): 0.3/1.6 MB | 206/261 kB | 178/251 kB | 178/459 kBProgress (4): 0.3/1.6 MB | 210/261 kB | 178/251 kB | 178/459 kBProgress (4): 0.3/1.6 MB | 210/261 kB | 178/251 kB | 182/459 kBProgress (4): 0.3/1.6 MB | 210/261 kB | 178/251 kB | 186/459 kBProgress (4): 0.3/1.6 MB | 210/261 kB | 178/251 kB | 190/459 kBProgress (4): 0.3/1.6 MB | 210/261 kB | 178/251 kB | 194/459 kBProgress (4): 0.3/1.6 MB | 210/261 kB | 182/251 kB | 194/459 kBProgress (4): 0.3/1.6 MB | 210/261 kB | 182/251 kB | 194/459 kBProgress (4): 0.3/1.6 MB | 210/261 kB | 186/251 kB | 194/459 kBProgress (4): 0.3/1.6 MB | 210/261 kB | 186/251 kB | 194/459 kBProgress (4): 0.3/1.6 MB | 210/261 kB | 190/251 kB | 194/459 kBProgress (4): 0.3/1.6 MB | 210/261 kB | 194/251 kB | 194/459 kBProgress (4): 0.3/1.6 MB | 214/261 kB | 194/251 kB | 194/459 kBProgress (4): 0.3/1.6 MB | 218/261 kB | 194/251 kB | 194/459 kBProgress (4): 0.3/1.6 MB | 222/261 kB | 194/251 kB | 194/459 kBProgress (4): 0.3/1.6 MB | 226/261 kB | 194/251 kB | 194/459 kBProgress (4): 0.3/1.6 MB | 226/261 kB | 194/251 kB | 198/459 kBProgress (4): 0.3/1.6 MB | 226/261 kB | 194/251 kB | 202/459 kBProgress (4): 0.3/1.6 MB | 226/261 kB | 194/251 kB | 206/459 kBProgress (4): 0.3/1.6 MB | 226/261 kB | 194/251 kB | 210/459 kBProgress (4): 0.3/1.6 MB | 226/261 kB | 198/251 kB | 210/459 kBProgress (4): 0.3/1.6 MB | 226/261 kB | 203/251 kB | 210/459 kBProgress (4): 0.3/1.6 MB | 226/261 kB | 207/251 kB | 210/459 kBProgress (4): 0.3/1.6 MB | 226/261 kB | 211/251 kB | 210/459 kBProgress (4): 0.3/1.6 MB | 226/261 kB | 211/251 kB | 210/459 kBProgress (4): 0.3/1.6 MB | 226/261 kB | 211/251 kB | 210/459 kBProgress (4): 0.3/1.6 MB | 226/261 kB | 211/251 kB | 210/459 kBProgress (4): 0.3/1.6 MB | 226/261 kB | 211/251 kB | 210/459 kBProgress (4): 0.3/1.6 MB | 231/261 kB | 211/251 kB | 210/459 kBProgress (4): 0.3/1.6 MB | 235/261 kB | 211/251 kB | 210/459 kBProgress (4): 0.3/1.6 MB | 239/261 kB | 211/251 kB | 210/459 kBProgress (4): 0.3/1.6 MB | 243/261 kB | 211/251 kB | 210/459 kBProgress (4): 0.3/1.6 MB | 243/261 kB | 215/251 kB | 210/459 kBProgress (4): 0.3/1.6 MB | 243/261 kB | 215/251 kB | 214/459 kBProgress (4): 0.3/1.6 MB | 243/261 kB | 219/251 kB | 214/459 kBProgress (4): 0.3/1.6 MB | 243/261 kB | 219/251 kB | 219/459 kBProgress (4): 0.3/1.6 MB | 243/261 kB | 223/251 kB | 219/459 kBProgress (4): 0.3/1.6 MB | 243/261 kB | 223/251 kB | 223/459 kBProgress (4): 0.3/1.6 MB | 243/261 kB | 227/251 kB | 223/459 kBProgress (4): 0.3/1.6 MB | 243/261 kB | 227/251 kB | 227/459 kBProgress (4): 0.3/1.6 MB | 243/261 kB | 227/251 kB | 231/459 kBProgress (4): 0.3/1.6 MB | 243/261 kB | 227/251 kB | 235/459 kBProgress (4): 0.3/1.6 MB | 243/261 kB | 227/251 kB | 239/459 kBProgress (4): 0.3/1.6 MB | 243/261 kB | 227/251 kB | 243/459 kBProgress (4): 0.3/1.6 MB | 247/261 kB | 227/251 kB | 243/459 kBProgress (4): 0.3/1.6 MB | 251/261 kB | 227/251 kB | 243/459 kBProgress (4): 0.3/1.6 MB | 255/261 kB | 227/251 kB | 243/459 kBProgress (4): 0.3/1.6 MB | 259/261 kB | 227/251 kB | 243/459 kBProgress (4): 0.3/1.6 MB | 259/261 kB | 227/251 kB | 243/459 kBProgress (4): 0.3/1.6 MB | 259/261 kB | 227/251 kB | 243/459 kBProgress (4): 0.3/1.6 MB | 259/261 kB | 231/251 kB | 243/459 kBProgress (4): 0.3/1.6 MB | 259/261 kB | 235/251 kB | 243/459 kBProgress (4): 0.3/1.6 MB | 259/261 kB | 239/251 kB | 243/459 kBProgress (4): 0.3/1.6 MB | 259/261 kB | 243/251 kB | 243/459 kBProgress (4): 0.3/1.6 MB | 261 kB | 243/251 kB | 243/459 kB    Progress (4): 0.3/1.6 MB | 261 kB | 248/251 kB | 243/459 kBProgress (4): 0.3/1.6 MB | 261 kB | 251 kB | 243/459 kB    Progress (4): 0.3/1.6 MB | 261 kB | 251 kB | 243/459 kBProgress (4): 0.3/1.6 MB | 261 kB | 251 kB | 243/459 kBProgress (4): 0.3/1.6 MB | 261 kB | 251 kB | 247/459 kBProgress (4): 0.3/1.6 MB | 261 kB | 251 kB | 251/459 kBProgress (4): 0.3/1.6 MB | 261 kB | 251 kB | 255/459 kBProgress (4): 0.3/1.6 MB | 261 kB | 251 kB | 260/459 kBProgress (4): 0.4/1.6 MB | 261 kB | 251 kB | 260/459 kBProgress (4): 0.4/1.6 MB | 261 kB | 251 kB | 260/459 kBProgress (4): 0.4/1.6 MB | 261 kB | 251 kB | 264/459 kBProgress (4): 0.4/1.6 MB | 261 kB | 251 kB | 268/459 kBProgress (4): 0.4/1.6 MB | 261 kB | 251 kB | 272/459 kBProgress (4): 0.4/1.6 MB | 261 kB | 251 kB | 276/459 kB                                                       Downloaded from central: https://repo.maven.apache.org/maven2/org/springframework/boot/spring-boot-buildpack-platform/3.1.4/spring-boot-buildpack-platform-3.1.4.jar (261 kB at 352 kB/s)
Downloaded from central: https://repo.maven.apache.org/maven2/org/springframework/boot/spring-boot-loader-tools/3.1.4/spring-boot-loader-tools-3.1.4.jar (251 kB at 337 kB/s)
Progress (2): 0.4/1.6 MB | 280/459 kBProgress (2): 0.4/1.6 MB | 284/459 kBProgress (2): 0.4/1.6 MB | 288/459 kBProgress (2): 0.4/1.6 MB | 292/459 kBProgress (2): 0.4/1.6 MB | 292/459 kBProgress (2): 0.4/1.6 MB | 292/459 kBProgress (2): 0.4/1.6 MB | 292/459 kBProgress (2): 0.4/1.6 MB | 292/459 kBProgress (2): 0.4/1.6 MB | 296/459 kBProgress (2): 0.4/1.6 MB | 301/459 kBProgress (2): 0.4/1.6 MB | 305/459 kBProgress (2): 0.4/1.6 MB | 309/459 kBProgress (2): 0.4/1.6 MB | 313/459 kBProgress (2): 0.4/1.6 MB | 317/459 kBProgress (2): 0.4/1.6 MB | 321/459 kBProgress (2): 0.4/1.6 MB | 325/459 kBProgress (2): 0.4/1.6 MB | 325/459 kBProgress (2): 0.4/1.6 MB | 325/459 kBProgress (2): 0.4/1.6 MB | 325/459 kBProgress (2): 0.4/1.6 MB | 325/459 kBProgress (2): 0.4/1.6 MB | 325/459 kBProgress (2): 0.4/1.6 MB | 325/459 kBProgress (2): 0.4/1.6 MB | 329/459 kBProgress (2): 0.4/1.6 MB | 333/459 kBProgress (2): 0.4/1.6 MB | 337/459 kBProgress (2): 0.4/1.6 MB | 341/459 kBProgress (2): 0.4/1.6 MB | 346/459 kBProgress (2): 0.4/1.6 MB | 350/459 kBProgress (2): 0.4/1.6 MB | 354/459 kBProgress (2): 0.4/1.6 MB | 358/459 kBProgress (2): 0.4/1.6 MB | 358/459 kBProgress (2): 0.5/1.6 MB | 358/459 kBProgress (2): 0.5/1.6 MB | 358/459 kBProgress (2): 0.5/1.6 MB | 358/459 kBProgress (2): 0.5/1.6 MB | 362/459 kBProgress (2): 0.5/1.6 MB | 366/459 kBProgress (2): 0.5/1.6 MB | 370/459 kBProgress (2): 0.5/1.6 MB | 374/459 kBProgress (2): 0.5/1.6 MB | 378/459 kBProgress (2): 0.5/1.6 MB | 382/459 kBProgress (2): 0.5/1.6 MB | 387/459 kBProgress (2): 0.5/1.6 MB | 391/459 kBProgress (2): 0.5/1.6 MB | 391/459 kBProgress (2): 0.5/1.6 MB | 391/459 kBProgress (2): 0.5/1.6 MB | 391/459 kBProgress (2): 0.5/1.6 MB | 391/459 kBProgress (2): 0.5/1.6 MB | 395/459 kBProgress (2): 0.5/1.6 MB | 399/459 kBProgress (2): 0.5/1.6 MB | 402/459 kBProgress (2): 0.5/1.6 MB | 402/459 kBProgress (2): 0.5/1.6 MB | 402/459 kBProgress (2): 0.5/1.6 MB | 406/459 kBProgress (2): 0.5/1.6 MB | 410/459 kBProgress (2): 0.5/1.6 MB | 414/459 kBProgress (2): 0.5/1.6 MB | 418/459 kBProgress (2): 0.5/1.6 MB | 418/459 kBProgress (2): 0.5/1.6 MB | 418/459 kBProgress (2): 0.5/1.6 MB | 422/459 kBProgress (2): 0.5/1.6 MB | 427/459 kBProgress (2): 0.5/1.6 MB | 431/459 kBProgress (2): 0.5/1.6 MB | 435/459 kBProgress (2): 0.5/1.6 MB | 439/459 kBProgress (2): 0.5/1.6 MB | 443/459 kBProgress (2): 0.5/1.6 MB | 447/459 kBProgress (2): 0.5/1.6 MB | 451/459 kBProgress (2): 0.5/1.6 MB | 451/459 kBProgress (2): 0.6/1.6 MB | 451/459 kBProgress (2): 0.6/1.6 MB | 455/459 kBProgress (2): 0.6/1.6 MB | 459 kB    Progress (2): 0.6/1.6 MB | 459 kBProgress (2): 0.6/1.6 MB | 459 kBProgress (2): 0.6/1.6 MB | 459 kBProgress (2): 0.6/1.6 MB | 459 kBProgress (2): 0.6/1.6 MB | 459 kBProgress (2): 0.6/1.6 MB | 459 kB                                 Downloaded from central: https://repo.maven.apache.org/maven2/com/fasterxml/jackson/core/jackson-core/2.14.2/jackson-core-2.14.2.jar (459 kB at 453 kB/s)
Progress (1): 0.6/1.6 MBProgress (1): 0.6/1.6 MBProgress (1): 0.6/1.6 MBProgress (1): 0.6/1.6 MBProgress (1): 0.6/1.6 MBProgress (1): 0.7/1.6 MBProgress (1): 0.7/1.6 MBProgress (1): 0.7/1.6 MBProgress (1): 0.7/1.6 MBProgress (1): 0.7/1.6 MBProgress (1): 0.7/1.6 MBProgress (1): 0.7/1.6 MBProgress (1): 0.7/1.6 MBProgress (1): 0.7/1.6 MBProgress (1): 0.7/1.6 MBProgress (1): 0.7/1.6 MBProgress (1): 0.7/1.6 MBProgress (1): 0.8/1.6 MBProgress (1): 0.8/1.6 MBProgress (1): 0.8/1.6 MBProgress (1): 0.8/1.6 MBProgress (1): 0.8/1.6 MBProgress (1): 0.8/1.6 MBProgress (1): 0.8/1.6 MBProgress (1): 0.8/1.6 MBProgress (1): 0.8/1.6 MBProgress (1): 0.8/1.6 MBProgress (1): 0.8/1.6 MBProgress (1): 0.8/1.6 MBProgress (1): 0.9/1.6 MBProgress (1): 0.9/1.6 MBProgress (1): 0.9/1.6 MBProgress (1): 0.9/1.6 MBProgress (1): 0.9/1.6 MBProgress (1): 0.9/1.6 MBProgress (1): 0.9/1.6 MBProgress (1): 0.9/1.6 MBProgress (1): 0.9/1.6 MBProgress (1): 0.9/1.6 MBProgress (1): 0.9/1.6 MBProgress (1): 0.9/1.6 MBProgress (1): 1.0/1.6 MBProgress (1): 1.0/1.6 MBProgress (1): 1.0/1.6 MBProgress (1): 1.0/1.6 MBProgress (1): 1.0/1.6 MBProgress (1): 1.0/1.6 MBProgress (1): 1.0/1.6 MBProgress (1): 1.0/1.6 MBProgress (1): 1.0/1.6 MBProgress (1): 1.0/1.6 MBProgress (1): 1.0/1.6 MBProgress (1): 1.0/1.6 MBProgress (1): 1.0/1.6 MBProgress (1): 1.1/1.6 MBProgress (1): 1.1/1.6 MBProgress (1): 1.1/1.6 MBProgress (1): 1.1/1.6 MBProgress (1): 1.1/1.6 MBProgress (1): 1.1/1.6 MBProgress (1): 1.1/1.6 MBProgress (1): 1.1/1.6 MBProgress (1): 1.1/1.6 MBProgress (1): 1.1/1.6 MBProgress (1): 1.1/1.6 MBProgress (1): 1.1/1.6 MBProgress (1): 1.2/1.6 MBProgress (1): 1.2/1.6 MBProgress (1): 1.2/1.6 MBProgress (1): 1.2/1.6 MBProgress (1): 1.2/1.6 MBProgress (1): 1.2/1.6 MBProgress (1): 1.2/1.6 MBProgress (1): 1.2/1.6 MBProgress (1): 1.2/1.6 MBProgress (1): 1.2/1.6 MBProgress (1): 1.2/1.6 MBProgress (1): 1.2/1.6 MBProgress (1): 1.3/1.6 MBProgress (1): 1.3/1.6 MBProgress (1): 1.3/1.6 MBProgress (1): 1.3/1.6 MBProgress (1): 1.3/1.6 MBProgress (1): 1.3/1.6 MBProgress (1): 1.3/1.6 MBProgress (1): 1.3/1.6 MBProgress (1): 1.3/1.6 MBProgress (1): 1.3/1.6 MBProgress (1): 1.3/1.6 MBProgress (1): 1.3/1.6 MBProgress (1): 1.4/1.6 MBProgress (1): 1.4/1.6 MBProgress (1): 1.4/1.6 MBProgress (1): 1.4/1.6 MBProgress (1): 1.4/1.6 MBProgress (1): 1.4/1.6 MBProgress (1): 1.4/1.6 MBProgress (1): 1.4/1.6 MBProgress (1): 1.4/1.6 MBProgress (1): 1.4/1.6 MBProgress (1): 1.4/1.6 MBProgress (1): 1.4/1.6 MBProgress (1): 1.5/1.6 MBProgress (1): 1.5/1.6 MBProgress (1): 1.5/1.6 MBProgress (1): 1.5/1.6 MBProgress (1): 1.5/1.6 MBProgress (1): 1.5/1.6 MBProgress (1): 1.5/1.6 MBProgress (1): 1.5/1.6 MBProgress (1): 1.5/1.6 MBProgress (1): 1.5/1.6 MBProgress (1): 1.5/1.6 MBProgress (1): 1.5/1.6 MBProgress (1): 1.6/1.6 MBProgress (1): 1.6/1.6 MBProgress (1): 1.6/1.6 MBProgress (1): 1.6/1.6 MBProgress (1): 1.6/1.6 MBProgress (1): 1.6/1.6 MBProgress (1): 1.6/1.6 MBProgress (1): 1.6/1.6 MBProgress (1): 1.6/1.6 MBProgress (1): 1.6 MB                        Downloaded from central: https://repo.maven.apache.org/maven2/com/fasterxml/jackson/core/jackson-databind/2.14.2/jackson-databind-2.14.2.jar (1.6 MB at 869 kB/s)
[INFO] Replacing main artifact /Users/ashar176/task-manager-app/backend/target/task-manager-1.0.0.jar with repackaged archive, adding nested dependencies in BOOT-INF/.
[INFO] The original artifact has been renamed to /Users/ashar176/task-manager-app/backend/target/task-manager-1.0.0.jar.original
[INFO] 
[INFO] --- maven-install-plugin:3.1.1:install (default-install) @ task-manager ---
[INFO] Installing /Users/ashar176/task-manager-app/backend/pom.xml to /Users/ashar176/.m2/repository/com/taskmanager/task-manager/1.0.0/task-manager-1.0.0.pom
[INFO] Installing /Users/ashar176/task-manager-app/backend/target/task-manager-1.0.0.jar to /Users/ashar176/.m2/repository/com/taskmanager/task-manager/1.0.0/task-manager-1.0.0.jar
[INFO] ------------------------------------------------------------------------
[INFO] BUILD SUCCESS
[INFO] ------------------------------------------------------------------------
[INFO] Total time:  7.049 s
[INFO] Finished at: 2025-09-01T16:38:22+01:00
[INFO] ------------------------------------------------------------------------
